[Sat Dec 10 06:00:17.928641 2022] [mpm_event:notice] [pid 1:tid 140244842888008] AH00489: Apache/2.4.54 (Unix) configured -- resuming normal operations
[Sat Dec 10 06:00:17.928774 2022] [core:notice] [pid 1:tid 140244842888008] AH00094: Command line: 'httpd -D FOREGROUND'
[Sat Dec 10 06:35:31.067665 2022] [mpm_event:notice] [pid 1:tid 140243038014280] AH00489: Apache/2.4.54 (Unix) configured -- resuming normal operations
[Sat Dec 10 06:35:31.067805 2022] [core:notice] [pid 1:tid 140243038014280] AH00094: Command line: 'httpd -D FOREGROUND'
[Sat Dec 10 06:35:40.850620 2022] [proxy:error] [pid 10:tid 140243032857400] [client 172.18.0.1:32798] AH00898: DNS lookup failure for: php returned by /index.php
[Sat Dec 10 06:40:30.306612 2022] [mpm_event:notice] [pid 1:tid 140243038014280] AH00492: caught SIGWINCH, shutting down gracefully
[Sat Dec 10 06:44:02.017127 2022] [mpm_event:notice] [pid 1:tid 140613926378312] AH00489: Apache/2.4.54 (Unix) configured -- resuming normal operations
[Sat Dec 10 06:44:02.017313 2022] [core:notice] [pid 1:tid 140613926378312] AH00094: Command line: 'httpd -D FOREGROUND'
[Sat Dec 10 06:54:41.659255 2022] [mpm_event:notice] [pid 1:tid 140613926378312] AH00492: caught SIGWINCH, shutting down gracefully
[Sat Dec 10 07:03:31.614272 2022] [mpm_event:notice] [pid 1:tid 140650958461768] AH00489: Apache/2.4.54 (Unix) configured -- resuming normal operations
[Sat Dec 10 07:03:31.614356 2022] [core:notice] [pid 1:tid 140650958461768] AH00094: Command line: 'httpd -D FOREGROUND'
[Mon Oct 09 02:57:22.871857 2023] [mpm_event:notice] [pid 1:tid 139696831228744] AH00489: Apache/2.4.57 (Unix) configured -- resuming normal operations
[Mon Oct 09 02:57:22.871936 2023] [core:notice] [pid 1:tid 139696831228744] AH00094: Command line: 'httpd -D FOREGROUND'
[Mon Oct 09 03:06:55.766787 2023] [mpm_event:notice] [pid 1:tid 139696831228744] AH00492: caught SIGWINCH, shutting down gracefully
[Wed Dec 06 04:38:17.321718 2023] [mpm_event:notice] [pid 1:tid 139908476865352] AH00489: Apache/2.4.58 (Unix) configured -- resuming normal operations
[Wed Dec 06 04:38:17.323671 2023] [core:notice] [pid 1:tid 139908476865352] AH00094: Command line: 'httpd -D FOREGROUND'
[Thu Dec 07 08:11:08.851135 2023] [mpm_event:notice] [pid 1:tid 139753874922312] AH00489: Apache/2.4.58 (Unix) configured -- resuming normal operations
[Thu Dec 07 08:11:08.851435 2023] [core:notice] [pid 1:tid 139753874922312] AH00094: Command line: 'httpd -D FOREGROUND'
[Thu Dec 07 08:49:59.736587 2023] [autoindex:error] [pid 119:tid 139753869478712] [client 192.168.247.137:57664] AH01276: Cannot serve directory /var/www/html/public/login/private/: No matching DirectoryIndex (index.html,index.php) found, and server-generated directory index forbidden by Options directive
[Thu Dec 07 08:54:54.688346 2023] [autoindex:error] [pid 123:tid 139753869335352] [client 192.168.247.137:45986] AH01276: Cannot serve directory /var/www/html/public/login/private/: No matching DirectoryIndex (index.html,index.php) found, and server-generated directory index forbidden by Options directive
[Thu Dec 07 11:11:18.462265 2023] [mpm_event:notice] [pid 1:tid 139753874922312] AH00492: caught SIGWINCH, shutting down gracefully
[Thu Dec 07 11:11:53.347074 2023] [mpm_event:notice] [pid 1:tid 140590264732488] AH00489: Apache/2.4.58 (Unix) configured -- resuming normal operations
[Thu Dec 07 11:11:53.347665 2023] [core:notice] [pid 1:tid 140590264732488] AH00094: Command line: 'httpd -D FOREGROUND'
[Thu Dec 07 11:12:42.092284 2023] [mpm_event:notice] [pid 1:tid 140590264732488] AH00492: caught SIGWINCH, shutting down gracefully
[Thu Dec 07 11:12:51.647073 2023] [mpm_event:notice] [pid 1:tid 139955696401224] AH00489: Apache/2.4.58 (Unix) configured -- resuming normal operations
[Thu Dec 07 11:12:51.647479 2023] [core:notice] [pid 1:tid 139955696401224] AH00094: Command line: 'httpd -D FOREGROUND'
[Thu Dec 07 11:13:35.024314 2023] [mpm_event:notice] [pid 1:tid 139955696401224] AH00492: caught SIGWINCH, shutting down gracefully
[Thu Dec 07 11:14:23.319550 2023] [mpm_event:notice] [pid 1:tid 139625697323848] AH00489: Apache/2.4.58 (Unix) configured -- resuming normal operations
[Thu Dec 07 11:14:23.319881 2023] [core:notice] [pid 1:tid 139625697323848] AH00094: Command line: 'httpd -D FOREGROUND'
[Thu Dec 07 11:16:29.003809 2023] [mpm_event:notice] [pid 1:tid 139625697323848] AH00492: caught SIGWINCH, shutting down gracefully
[Thu Dec 07 11:18:00.231621 2023] [mpm_event:notice] [pid 1:tid 139741610797896] AH00489: Apache/2.4.58 (Unix) configured -- resuming normal operations
[Thu Dec 07 11:18:00.231955 2023] [core:notice] [pid 1:tid 139741610797896] AH00094: Command line: 'httpd -D FOREGROUND'
[Thu Dec 07 11:19:48.029037 2023] [mpm_event:notice] [pid 1:tid 139741610797896] AH00492: caught SIGWINCH, shutting down gracefully
[Thu Dec 07 11:19:53.246179 2023] [mpm_event:notice] [pid 1:tid 139975313828680] AH00489: Apache/2.4.58 (Unix) configured -- resuming normal operations
[Thu Dec 07 11:19:53.247031 2023] [core:notice] [pid 1:tid 139975313828680] AH00094: Command line: 'httpd -D FOREGROUND'
[Thu Dec 07 11:23:27.428481 2023] [mpm_event:notice] [pid 1:tid 139975313828680] AH00492: caught SIGWINCH, shutting down gracefully
[Thu Dec 07 11:23:33.557359 2023] [mpm_event:notice] [pid 1:tid 140628983974728] AH00489: Apache/2.4.58 (Unix) configured -- resuming normal operations
[Thu Dec 07 11:23:33.557757 2023] [core:notice] [pid 1:tid 140628983974728] AH00094: Command line: 'httpd -D FOREGROUND'
[Thu Dec 07 13:33:09.849704 2023] [mpm_event:notice] [pid 1:tid 140628983974728] AH00492: caught SIGWINCH, shutting down gracefully
